Toplam 86 dizi bulundu.
Gizli Milyarder Bölümler, Kısa Videolar, Haberler çekiliyor...
İkinci El Kralları Bölümler, Kısa Videolar, Haberler çekiliyor...
Ed Stafford ile Ormana Dönüş Bölümler, Kısa Videolar, Haberler çekiliyor...
Sakkara: Hiyerogliflerin Sırrı Bölümler, Kısa Videolar, Haberler çekiliyor...
Robert Downey Jr.&#039;ın Rüya Arabaları Bölümler, Kısa Videolar, Haberler çekiliyor...
Sakkara: Hiyerogliflerin Sırrı Bölümler, Kısa Videolar, Haberler tamamlandı, 0 bölüm bulundu.
Hurda Avcıları Bölümler, Kısa Videolar, Haberler çekiliyor...
Robert Downey Jr.&#039;ın Rüya Arabaları Bölümler, Kısa Videolar, Haberler tamamlandı, 6 bölüm bulundu.
Antik Mısır: Bir İmparatorluğun Güncesi Bölümler, Kısa Videolar, Haberler çekiliyor...
Ed Stafford ile Ormana Dönüş Bölümler, Kısa Videolar, Haberler tamamlandı, 12 bölüm bulundu.
Piramitler: Gizem Aydınlanıyor Bölümler, Kısa Videolar, Haberler çekiliyor...
Piramitler: Gizem Aydınlanıyor Bölümler, Kısa Videolar, Haberler tamamlandı, 12 bölüm bulundu.
Bir Soygunun İçinde Bölümler, Kısa Videolar, Haberler çekiliyor...
Antik Mısır: Bir İmparatorluğun Güncesi Bölümler, Kısa Videolar, Haberler tamamlandı, 8 bölüm bulundu.
Alaska Evleri Bölümler, Kısa Videolar, Haberler çekiliyor...
Gizli Milyarder Bölümler, Kısa Videolar, Haberler tamamlandı, 22 bölüm bulundu.
Altın Peşinde Bölümler, Kısa Videolar, Haberler çekiliyor...
Bir Soygunun İçinde Bölümler, Kısa Videolar, Haberler tamamlandı, 12 bölüm bulundu.
Ed Stafford ile Çingenelerle 60 Gün Bölümler, Kısa Videolar, Haberler çekiliyor...
Ed Stafford ile Çingenelerle 60 Gün Bölümler, Kısa Videolar, Haberler tamamlandı, 0 bölüm bulundu.
Sakın Yakalanma! Bölümler, Kısa Videolar, Haberler çekiliyor...
Sakın Yakalanma! Bölümler, Kısa Videolar, Haberler tamamlandı, 8 bölüm bulundu.
Denizde Can Derdinde Bölümler, Kısa Videolar, Haberler çekiliyor...
Denizde Can Derdinde Bölümler, Kısa Videolar, Haberler tamamlandı, 9 bölüm bulundu.
Alaska Evleri Bölümler, Kısa Videolar, Haberler tamamlandı, 34 bölüm bulundu.
Biggie ve Tupac&#039;ı Kim Öldürdü? Bölümler, Kısa Videolar, Haberler çekiliyor...
Escobar&#039;ın Kayıp Milyonları Bölümler, Kısa Videolar, Haberler çekiliyor...
Biggie ve Tupac&#039;ı Kim Öldürdü? Bölümler, Kısa Videolar, Haberler tamamlandı, 3 bölüm bulundu.
Tamirat Tadilat Bölümler, Kısa Videolar, Haberler çekiliyor...
Escobar&#039;ın Kayıp Milyonları Bölümler, Kısa Videolar, Haberler tamamlandı, 12 bölüm bulundu.
Alaska Üçgeni  Bölümler, Kısa Videolar, Haberler çekiliyor...
Alaska Üçgeni  Bölümler, Kısa Videolar, Haberler tamamlandı, 20 bölüm bulundu.
Truva Atı: Bir Efsanenin İzinde Bölümler, Kısa Videolar, Haberler çekiliyor...
Truva Atı: Bir Efsanenin İzinde Bölümler, Kısa Videolar, Haberler tamamlandı, 0 bölüm bulundu.
İkinci El Kralları Bölümler, Kısa Videolar, Haberler tamamlandı, 88 bölüm bulundu.
ed-stafford-ile-amazon-macerasi çekiliyor...
Bilinmeyene Yolculuk: Geleceğe Dönüş Bölümler, Kısa Videolar, Haberler çekiliyor...
Tamirat Tadilat Bölümler, Kısa Videolar, Haberler tamamlandı, 35 bölüm bulundu.
ed-stafford-ile-amazon-macerasi tamamlandı, 0 bölüm bulundu.
gizli-milyarder-ikinci-sans çekiliyor...
hazine-arayisi-yilan-adasi çekiliyor...
hazine-arayisi-yilan-adasi tamamlandı, 0 bölüm bulundu.
gizli-milyarder-ikinci-sans tamamlandı, 0 bölüm bulundu.
guyin-hawaii-tarzi çekiliyor...
guyin-hawaii-tarzi tamamlandı, 0 bölüm bulundu.
mike-brewerin-araba-dunyasi çekiliyor...
yolda-ne-yiyoruz çekiliyor...
mike-brewerin-araba-dunyasi tamamlandı, 0 bölüm bulundu.
krallar-vadisi-kayip-mezarlar çekiliyor...
Bilinmeyene Yolculuk: Geleceğe Dönüş Bölümler, Kısa Videolar, Haberler tamamlandı, 4 bölüm bulundu.
krallar-vadisi-kayip-mezarlar tamamlandı, 0 bölüm bulundu.
Everest Hava Kurtarma Ekibi Bölümler, Kısa Videolar, Haberler çekiliyor...
Everest Hava Kurtarma Ekibi Bölümler, Kısa Videolar, Haberler tamamlandı, 0 bölüm bulundu.
uc-adam-dort-teker çekiliyor...
Kurtul Bakalım Bölümler, Kısa Videolar, Haberler çekiliyor...
uc-adam-dort-teker tamamlandı, 0 bölüm bulundu.
lezzet-pesinde çekiliyor...
lezzet-pesinde tamamlandı, 0 bölüm bulundu.
bear-grylls-ile-everest-mucadelesi çekiliyor...
Kurtul Bakalım Bölümler, Kısa Videolar, Haberler tamamlandı, 2 bölüm bulundu.
bear-grylls-ile-everest-mucadelesi tamamlandı, 0 bölüm bulundu.
ninja-warrior çekiliyor...
Hayalet Hastanesi Bölümler, Kısa Videolar, Haberler çekiliyor...
ninja-warrior tamamlandı, 0 bölüm bulundu.
kirsalda-yasamak-zor çekiliyor...
kirsalda-yasamak-zor tamamlandı, 0 bölüm bulundu.
antika-avcilari çekiliyor...
antika-avcilari tamamlandı, 0 bölüm bulundu.
usta-soforler çekiliyor...
usta-soforler tamamlandı, 0 bölüm bulundu.
korku-rotasi çekiliyor...
korku-rotasi tamamlandı, 0 bölüm bulundu.
dogada-dimdizlak çekiliyor...
dogada-dimdizlak tamamlandı, 0 bölüm bulundu.
everest-kurtarma-ekibi çekiliyor...
Hayalet Hastanesi Bölümler, Kısa Videolar, Haberler tamamlandı, 6 bölüm bulundu.
everest-kurtarma-ekibi tamamlandı, 0 bölüm bulundu.
Bear Grylls ile Zor Kurtuluş Bölümler, Kısa Videolar, Haberler çekiliyor...
Bear Grylls ile Zor Kurtuluş Bölümler, Kısa Videolar, Haberler tamamlandı, 0 bölüm bulundu.
ed-stafford-ile-adada-60-gun çekiliyor...
ed-stafford-ile-adada-60-gun tamamlandı, 0 bölüm bulundu.
Bering Boğazı&#039;nda Altın Bölümler, Kısa Videolar, Haberler çekiliyor...
morgan-freeman-ile-evrenin-sirlari çekiliyor...
morgan-freeman-ile-evrenin-sirlari tamamlandı, 0 bölüm bulundu.
alaskayi-mesken-tuttuk çekiliyor...
alaskayi-mesken-tuttuk tamamlandı, 0 bölüm bulundu.
Vahşi Frank Bölümler, Kısa Videolar, Haberler çekiliyor...
Hurda Avcıları Bölümler, Kısa Videolar, Haberler tamamlandı, 95 bölüm bulundu.
megan-fox-ile-kayip-efsaneler çekiliyor...
megan-fox-ile-kayip-efsaneler tamamlandı, 0 bölüm bulundu.
hazinelerin-sirri çekiliyor...
hazinelerin-sirri tamamlandı, 0 bölüm bulundu.
bilinmeyene-yolculuk çekiliyor...
bilinmeyene-yolculuk tamamlandı, 0 bölüm bulundu.
Vahşi Frank Bölümler, Kısa Videolar, Haberler tamamlandı, 4 bölüm bulundu.
tyson-kopekbaligina-karsi çekiliyor...
Tamir Ustası Ant Anstead Bölümler, Kısa Videolar, Haberler çekiliyor...
tyson-kopekbaligina-karsi tamamlandı, 0 bölüm bulundu.
alaskanin-uc-noktasi çekiliyor...
alaskanin-uc-noktasi tamamlandı, 0 bölüm bulundu.
nasil-yapilir çekiliyor...
nasil-yapilir tamamlandı, 0 bölüm bulundu.
ed-stafford-ve-ailesi-yabanda çekiliyor...
ed-stafford-ve-ailesi-yabanda tamamlandı, 0 bölüm bulundu.
kirli-isler çekiliyor...
kirli-isler tamamlandı, 0 bölüm bulundu.
ben-bunu-yerim çekiliyor...
ben-bunu-yerim tamamlandı, 0 bölüm bulundu.
hayvanlar-bunu-nasil-yapiyor çekiliyor...
hayvanlar-bunu-nasil-yapiyor tamamlandı, 0 bölüm bulundu.
apollo-kayip-kayitlar çekiliyor...
apollo-kayip-kayitlar tamamlandı, 0 bölüm bulundu.
yukonda-yasam çekiliyor...
yukonda-yasam tamamlandı, 0 bölüm bulundu.
goblin-works-garaji çekiliyor...
goblin-works-garaji tamamlandı, 0 bölüm bulundu.
Tamir Ustası Ant Anstead Bölümler, Kısa Videolar, Haberler tamamlandı, 12 bölüm bulundu.
yabanda-kayip çekiliyor...
Yokoluşun Sınırında Bölümler, Kısa Videolar, Haberler çekiliyor...
yabanda-kayip tamamlandı, 0 bölüm bulundu.
Yokoluşun Sınırında Bölümler, Kısa Videolar, Haberler tamamlandı, 0 bölüm bulundu.
Altın Peşinde Bölümler, Kısa Videolar, Haberler tamamlandı, 129 bölüm bulundu.
nasil-uretilmis çekiliyor...
Ateş ve Yemek Bölümler, Kısa Videolar, Haberler çekiliyor...
Canavar Timsah İşgali Bölümler, Kısa Videolar, Haberler çekiliyor...
Canavar Timsah İşgali Bölümler, Kısa Videolar, Haberler tamamlandı, 0 bölüm bulundu.
jeff-bezosun-uzay-yolculugu çekiliyor...
Bering Boğazı&#039;nda Altın Bölümler, Kısa Videolar, Haberler tamamlandı, 28 bölüm bulundu.
jeff-bezosun-uzay-yolculugu tamamlandı, 0 bölüm bulundu.
nasanin-aciklanamayan-dosyalari çekiliyor...
larry-ve-george-turkiyede çekiliyor...
nasanin-aciklanamayan-dosyalari tamamlandı, 0 bölüm bulundu.
merak-dunyanin-en-pis-adami çekiliyor...
larry-ve-george-turkiyede tamamlandı, 0 bölüm bulundu.
nasil-uretilmis tamamlandı, 2 bölüm bulundu.
merak-dunyanin-en-pis-adami tamamlandı, 0 bölüm bulundu.
dizel-kardesler çekiliyor...
tesla-bir-cinayetin-perde-arkasi çekiliyor...
Her Şey Nasıl Yapılır Bölümler, Kısa Videolar, Haberler çekiliyor...
dizel-kardesler tamamlandı, 0 bölüm bulundu.
tesla-bir-cinayetin-perde-arkasi tamamlandı, 0 bölüm bulundu.
Her Şey Nasıl Yapılır Bölümler, Kısa Videolar, Haberler tamamlandı, 0 bölüm bulundu.
bermuda-seytan-ucgeni-laneti çekiliyor...
SAS: Cesaret Eden Kazanır Bölümler, Kısa Videolar, Haberler çekiliyor...
altin-pesinde-parkerin-yolu çekiliyor...
bermuda-seytan-ucgeni-laneti tamamlandı, 0 bölüm bulundu.
SAS: Cesaret Eden Kazanır Bölümler, Kısa Videolar, Haberler tamamlandı, 0 bölüm bulundu.
Nasa&#039;nın Geleceğe Yolculuğu Bölümler, Kısa Videolar, Haberler çekiliyor...
altin-pesinde-parkerin-yolu tamamlandı, 0 bölüm bulundu.
Emlak Savaşları Bölümler, Kısa Videolar, Haberler çekiliyor...
sira-disi-karavanlar çekiliyor...
Nasa&#039;nın Geleceğe Yolculuğu Bölümler, Kısa Videolar, Haberler tamamlandı, 0 bölüm bulundu.
Amerikalı Tarzan Bölümler, Kısa Videolar, Haberler çekiliyor...
sira-disi-karavanlar tamamlandı, 0 bölüm bulundu.
Amerikalı Tarzan Bölümler, Kısa Videolar, Haberler tamamlandı, 0 bölüm bulundu.
Şifreler ve Komplolar Bölümler, Kısa Videolar, Haberler çekiliyor...
Gürkan Şef ile Ateş Oyunları Bölümler, Kısa Videolar, Haberler çekiliyor...
Emlak Savaşları Bölümler, Kısa Videolar, Haberler tamamlandı, 1 bölüm bulundu.
Gürkan Şef ile Ateş Oyunları Bölümler, Kısa Videolar, Haberler tamamlandı, 0 bölüm bulundu.
Şifreler ve Komplolar Bölümler, Kısa Videolar, Haberler tamamlandı, 0 bölüm bulundu.
Denizkızları: Yeni Kanıt Bölümler, Kısa Videolar, Haberler çekiliyor...
Otoban Bölümler, Kısa Videolar, Haberler çekiliyor...
Gümrük Kontrol Bölümler, Kısa Videolar, Haberler çekiliyor...
Denizkızları: Yeni Kanıt Bölümler, Kısa Videolar, Haberler tamamlandı, 0 bölüm bulundu.
Merak: Yellowstone Ulusal Parkı Bölümler, Kısa Videolar, Haberler çekiliyor...
Merak: Yellowstone Ulusal Parkı Bölümler, Kısa Videolar, Haberler tamamlandı, 0 bölüm bulundu.
Maradona&#039;yı Öldüren Sır Bölümler, Kısa Videolar, Haberler çekiliyor...
Maradona&#039;yı Öldüren Sır Bölümler, Kısa Videolar, Haberler tamamlandı, 0 bölüm bulundu.
Otoban Bölümler, Kısa Videolar, Haberler tamamlandı, 12 bölüm bulundu.
Gümrük Kontrol Bölümler, Kısa Videolar, Haberler tamamlandı, 30 bölüm bulundu.
Ateş ve Yemek Bölümler, Kısa Videolar, Haberler tamamlandı, 45 bölüm bulundu.
yolda-ne-yiyoruz tamamlandı, 212 bölüm bulundu.
Tüm diziler işlendi!
